{"context":"NestFactory","level":"info","message":"Starting Nest application...","timestamp":"2023-11-14T12:40:15.778Z"}
{"context":"InstanceLoader","level":"info","message":"MongooseModule dependencies initialized","timestamp":"2023-11-14T12:40:15.809Z"}
{"context":"InstanceLoader","level":"info","message":"TypeOrmModule dependencies initialized","timestamp":"2023-11-14T12:40:15.810Z"}
{"context":"InstanceLoader","level":"info","message":"LogsModule dependencies initialized","timestamp":"2023-11-14T12:40:15.810Z"}
{"context":"InstanceLoader","level":"info","message":"ConfigHostModule dependencies initialized","timestamp":"2023-11-14T12:40:15.811Z"}
{"context":"InstanceLoader","level":"info","message":"SharedModule dependencies initialized","timestamp":"2023-11-14T12:40:15.811Z"}
{"context":"InstanceLoader","level":"info","message":"AppModule dependencies initialized","timestamp":"2023-11-14T12:40:15.811Z"}
{"context":"InstanceLoader","level":"info","message":"ConfigModule dependencies initialized","timestamp":"2023-11-14T12:40:15.812Z"}
{"context":"InstanceLoader","level":"info","message":"ConfigModule dependencies initialized","timestamp":"2023-11-14T12:40:15.812Z"}
{"context":"InstanceLoader","level":"info","message":"CqrsModule dependencies initialized","timestamp":"2023-11-14T12:40:15.812Z"}
{"context":"InstanceLoader","level":"info","message":"TypeOrmCoreModule dependencies initialized","timestamp":"2023-11-14T12:40:16.233Z"}
{"context":"InstanceLoader","level":"info","message":"TestsModule dependencies initialized","timestamp":"2023-11-14T12:40:16.240Z"}
{"context":"InstanceLoader","level":"info","message":"BlogsModule dependencies initialized","timestamp":"2023-11-14T12:40:16.244Z"}
{"context":"InstanceLoader","level":"info","message":"CommentsModule dependencies initialized","timestamp":"2023-11-14T12:40:16.244Z"}
{"context":"InstanceLoader","level":"info","message":"PostsModule dependencies initialized","timestamp":"2023-11-14T12:40:16.244Z"}
{"context":"InstanceLoader","level":"info","message":"UsersModule dependencies initialized","timestamp":"2023-11-14T12:40:16.245Z"}
{"context":"InstanceLoader","level":"info","message":"AuthModule dependencies initialized","timestamp":"2023-11-14T12:40:16.245Z"}
{"level":"info","message":"DB connected","timestamp":"2023-11-14T12:40:16.441Z"}
{"context":"InstanceLoader","level":"info","message":"MongooseCoreModule dependencies initialized","timestamp":"2023-11-14T12:40:16.442Z"}
{"context":"InstanceLoader","level":"info","message":"MongooseModule dependencies initialized","timestamp":"2023-11-14T12:40:16.451Z"}
{"context":"InstanceLoader","level":"info","message":"MongooseModule dependencies initialized","timestamp":"2023-11-14T12:40:16.451Z"}
{"context":"InstanceLoader","level":"info","message":"MongooseModule dependencies initialized","timestamp":"2023-11-14T12:40:16.451Z"}
{"context":"InstanceLoader","level":"info","message":"MongooseModule dependencies initialized","timestamp":"2023-11-14T12:40:16.452Z"}
{"context":"InstanceLoader","level":"info","message":"MongooseModule dependencies initialized","timestamp":"2023-11-14T12:40:16.452Z"}
{"context":"InstanceLoader","level":"info","message":"DbModule dependencies initialized","timestamp":"2023-11-14T12:40:16.452Z"}
{"context":"RoutesResolver","level":"info","message":"AppController {/}:","timestamp":"2023-11-14T12:40:16.471Z"}
{"context":"RouterExplorer","level":"info","message":"Mapped {/, GET} route","timestamp":"2023-11-14T12:40:16.472Z"}
{"context":"RoutesResolver","level":"info","message":"BlogsController {/blogs}:","timestamp":"2023-11-14T12:40:16.472Z"}
{"context":"RouterExplorer","level":"info","message":"Mapped {/blogs, GET} route","timestamp":"2023-11-14T12:40:16.473Z"}
{"context":"RouterExplorer","level":"info","message":"Mapped {/blogs/:id, GET} route","timestamp":"2023-11-14T12:40:16.473Z"}
{"context":"RouterExplorer","level":"info","message":"Mapped {/blogs/:id/posts, GET} route","timestamp":"2023-11-14T12:40:16.473Z"}
{"context":"RoutesResolver","level":"info","message":"BlogsAdminController {/sa/blogs}:","timestamp":"2023-11-14T12:40:16.474Z"}
{"context":"RouterExplorer","level":"info","message":"Mapped {/sa/blogs, GET} route","timestamp":"2023-11-14T12:40:16.474Z"}
{"context":"RouterExplorer","level":"info","message":"Mapped {/sa/blogs, POST} route","timestamp":"2023-11-14T12:40:16.475Z"}
{"context":"RouterExplorer","level":"info","message":"Mapped {/sa/blogs/:id, PUT} route","timestamp":"2023-11-14T12:40:16.475Z"}
{"context":"RouterExplorer","level":"info","message":"Mapped {/sa/blogs/:id, DELETE} route","timestamp":"2023-11-14T12:40:16.475Z"}
{"context":"RouterExplorer","level":"info","message":"Mapped {/sa/blogs/:id/posts, GET} route","timestamp":"2023-11-14T12:40:16.476Z"}
{"context":"RouterExplorer","level":"info","message":"Mapped {/sa/blogs/:id/posts, POST} route","timestamp":"2023-11-14T12:40:16.476Z"}
{"context":"RouterExplorer","level":"info","message":"Mapped {/sa/blogs/:blogId/posts/:postId, PUT} route","timestamp":"2023-11-14T12:40:16.476Z"}
{"context":"RouterExplorer","level":"info","message":"Mapped {/sa/blogs/:blogId/posts/:postId, DELETE} route","timestamp":"2023-11-14T12:40:16.476Z"}
{"context":"RoutesResolver","level":"info","message":"PostsController {/posts}:","timestamp":"2023-11-14T12:40:16.477Z"}
{"context":"RouterExplorer","level":"info","message":"Mapped {/posts, GET} route","timestamp":"2023-11-14T12:40:16.477Z"}
{"context":"RouterExplorer","level":"info","message":"Mapped {/posts/:id, GET} route","timestamp":"2023-11-14T12:40:16.477Z"}
{"context":"RouterExplorer","level":"info","message":"Mapped {/posts, POST} route","timestamp":"2023-11-14T12:40:16.477Z"}
{"context":"RouterExplorer","level":"info","message":"Mapped {/posts/:id, PUT} route","timestamp":"2023-11-14T12:40:16.478Z"}
{"context":"RouterExplorer","level":"info","message":"Mapped {/posts/:id, DELETE} route","timestamp":"2023-11-14T12:40:16.478Z"}
{"context":"RouterExplorer","level":"info","message":"Mapped {/posts/:id/comments, GET} route","timestamp":"2023-11-14T12:40:16.478Z"}
{"context":"RouterExplorer","level":"info","message":"Mapped {/posts/:id/comments, POST} route","timestamp":"2023-11-14T12:40:16.478Z"}
{"context":"RouterExplorer","level":"info","message":"Mapped {/posts/:id/like-status, PUT} route","timestamp":"2023-11-14T12:40:16.479Z"}
{"context":"RoutesResolver","level":"info","message":"CommentsController {/comments}:","timestamp":"2023-11-14T12:40:16.479Z"}
{"context":"RouterExplorer","level":"info","message":"Mapped {/comments/:id, GET} route","timestamp":"2023-11-14T12:40:16.479Z"}
{"context":"RouterExplorer","level":"info","message":"Mapped {/comments/:id, PUT} route","timestamp":"2023-11-14T12:40:16.479Z"}
{"context":"RouterExplorer","level":"info","message":"Mapped {/comments/:id/like-status, PUT} route","timestamp":"2023-11-14T12:40:16.480Z"}
{"context":"RouterExplorer","level":"info","message":"Mapped {/comments/:id, DELETE} route","timestamp":"2023-11-14T12:40:16.480Z"}
{"context":"RoutesResolver","level":"info","message":"UsersAdminController {/sa}:","timestamp":"2023-11-14T12:40:16.480Z"}
{"context":"RouterExplorer","level":"info","message":"Mapped {/sa/users, GET} route","timestamp":"2023-11-14T12:40:16.481Z"}
{"context":"RouterExplorer","level":"info","message":"Mapped {/sa/users, POST} route","timestamp":"2023-11-14T12:40:16.481Z"}
{"context":"RouterExplorer","level":"info","message":"Mapped {/sa/users/:id, DELETE} route","timestamp":"2023-11-14T12:40:16.482Z"}
{"context":"RoutesResolver","level":"info","message":"AuthController {/auth}:","timestamp":"2023-11-14T12:40:16.482Z"}
{"context":"RouterExplorer","level":"info","message":"Mapped {/auth/login, POST} route","timestamp":"2023-11-14T12:40:16.482Z"}
{"context":"RouterExplorer","level":"info","message":"Mapped {/auth/logout, POST} route","timestamp":"2023-11-14T12:40:16.482Z"}
{"context":"RouterExplorer","level":"info","message":"Mapped {/auth/refresh-token, POST} route","timestamp":"2023-11-14T12:40:16.483Z"}
{"context":"RouterExplorer","level":"info","message":"Mapped {/auth/me, GET} route","timestamp":"2023-11-14T12:40:16.483Z"}
{"context":"RouterExplorer","level":"info","message":"Mapped {/auth/registration, POST} route","timestamp":"2023-11-14T12:40:16.483Z"}
{"context":"RouterExplorer","level":"info","message":"Mapped {/auth/registration-confirmation, POST} route","timestamp":"2023-11-14T12:40:16.483Z"}
{"context":"RouterExplorer","level":"info","message":"Mapped {/auth/registration-email-resending, POST} route","timestamp":"2023-11-14T12:40:16.483Z"}
{"context":"RouterExplorer","level":"info","message":"Mapped {/auth/password-recovery, POST} route","timestamp":"2023-11-14T12:40:16.484Z"}
{"context":"RouterExplorer","level":"info","message":"Mapped {/auth/new-password, POST} route","timestamp":"2023-11-14T12:40:16.484Z"}
{"context":"RoutesResolver","level":"info","message":"AuthSecurityController {/security/devices}:","timestamp":"2023-11-14T12:40:16.484Z"}
{"context":"RouterExplorer","level":"info","message":"Mapped {/security/devices, GET} route","timestamp":"2023-11-14T12:40:16.485Z"}
{"context":"RouterExplorer","level":"info","message":"Mapped {/security/devices, DELETE} route","timestamp":"2023-11-14T12:40:16.485Z"}
{"context":"RouterExplorer","level":"info","message":"Mapped {/security/devices/:id, DELETE} route","timestamp":"2023-11-14T12:40:16.485Z"}
{"context":"RoutesResolver","level":"info","message":"TestsController {/testing}:","timestamp":"2023-11-14T12:40:16.485Z"}
{"context":"RouterExplorer","level":"info","message":"Mapped {/testing/all-data, DELETE} route","timestamp":"2023-11-14T12:40:16.486Z"}
{"context":"RoutesResolver","level":"info","message":"LogsController {/logs}:","timestamp":"2023-11-14T12:40:16.486Z"}
{"context":"RouterExplorer","level":"info","message":"Mapped {/logs, GET} route","timestamp":"2023-11-14T12:40:16.486Z"}
{"context":"NestApplication","level":"info","message":"Nest application successfully started","timestamp":"2023-11-14T12:40:16.490Z"}
{"context":"NestFactory","level":"info","message":"Starting Nest application...","timestamp":"2023-11-14T12:41:11.374Z"}
{"context":"InstanceLoader","level":"info","message":"MongooseModule dependencies initialized","timestamp":"2023-11-14T12:41:11.407Z"}
{"context":"InstanceLoader","level":"info","message":"TypeOrmModule dependencies initialized","timestamp":"2023-11-14T12:41:11.408Z"}
{"context":"InstanceLoader","level":"info","message":"LogsModule dependencies initialized","timestamp":"2023-11-14T12:41:11.408Z"}
{"context":"InstanceLoader","level":"info","message":"ConfigHostModule dependencies initialized","timestamp":"2023-11-14T12:41:11.409Z"}
{"context":"InstanceLoader","level":"info","message":"SharedModule dependencies initialized","timestamp":"2023-11-14T12:41:11.409Z"}
{"context":"InstanceLoader","level":"info","message":"AppModule dependencies initialized","timestamp":"2023-11-14T12:41:11.409Z"}
{"context":"InstanceLoader","level":"info","message":"ConfigModule dependencies initialized","timestamp":"2023-11-14T12:41:11.410Z"}
{"context":"InstanceLoader","level":"info","message":"ConfigModule dependencies initialized","timestamp":"2023-11-14T12:41:11.410Z"}
{"context":"InstanceLoader","level":"info","message":"CqrsModule dependencies initialized","timestamp":"2023-11-14T12:41:11.411Z"}
{"context":"InstanceLoader","level":"info","message":"TypeOrmCoreModule dependencies initialized","timestamp":"2023-11-14T12:41:11.804Z"}
{"context":"InstanceLoader","level":"info","message":"TestsModule dependencies initialized","timestamp":"2023-11-14T12:41:11.809Z"}
{"context":"InstanceLoader","level":"info","message":"BlogsModule dependencies initialized","timestamp":"2023-11-14T12:41:11.812Z"}
{"context":"InstanceLoader","level":"info","message":"CommentsModule dependencies initialized","timestamp":"2023-11-14T12:41:11.813Z"}
{"context":"InstanceLoader","level":"info","message":"PostsModule dependencies initialized","timestamp":"2023-11-14T12:41:11.813Z"}
{"context":"InstanceLoader","level":"info","message":"UsersModule dependencies initialized","timestamp":"2023-11-14T12:41:11.813Z"}
{"context":"InstanceLoader","level":"info","message":"AuthModule dependencies initialized","timestamp":"2023-11-14T12:41:11.813Z"}
{"level":"info","message":"DB connected","timestamp":"2023-11-14T12:41:12.316Z"}
{"context":"InstanceLoader","level":"info","message":"MongooseCoreModule dependencies initialized","timestamp":"2023-11-14T12:41:12.317Z"}
{"context":"InstanceLoader","level":"info","message":"MongooseModule dependencies initialized","timestamp":"2023-11-14T12:41:12.323Z"}
{"context":"InstanceLoader","level":"info","message":"MongooseModule dependencies initialized","timestamp":"2023-11-14T12:41:12.324Z"}
{"context":"InstanceLoader","level":"info","message":"MongooseModule dependencies initialized","timestamp":"2023-11-14T12:41:12.324Z"}
{"context":"InstanceLoader","level":"info","message":"MongooseModule dependencies initialized","timestamp":"2023-11-14T12:41:12.324Z"}
{"context":"InstanceLoader","level":"info","message":"MongooseModule dependencies initialized","timestamp":"2023-11-14T12:41:12.324Z"}
{"context":"InstanceLoader","level":"info","message":"DbModule dependencies initialized","timestamp":"2023-11-14T12:41:12.324Z"}
{"context":"RoutesResolver","level":"info","message":"AppController {/}:","timestamp":"2023-11-14T12:41:12.336Z"}
{"context":"RouterExplorer","level":"info","message":"Mapped {/, GET} route","timestamp":"2023-11-14T12:41:12.338Z"}
{"context":"RoutesResolver","level":"info","message":"BlogsController {/blogs}:","timestamp":"2023-11-14T12:41:12.338Z"}
{"context":"RouterExplorer","level":"info","message":"Mapped {/blogs, GET} route","timestamp":"2023-11-14T12:41:12.338Z"}
{"context":"RouterExplorer","level":"info","message":"Mapped {/blogs/:id, GET} route","timestamp":"2023-11-14T12:41:12.339Z"}
{"context":"RouterExplorer","level":"info","message":"Mapped {/blogs/:id/posts, GET} route","timestamp":"2023-11-14T12:41:12.339Z"}
{"context":"RoutesResolver","level":"info","message":"BlogsAdminController {/sa/blogs}:","timestamp":"2023-11-14T12:41:12.339Z"}
{"context":"RouterExplorer","level":"info","message":"Mapped {/sa/blogs, GET} route","timestamp":"2023-11-14T12:41:12.339Z"}
{"context":"RouterExplorer","level":"info","message":"Mapped {/sa/blogs, POST} route","timestamp":"2023-11-14T12:41:12.340Z"}
{"context":"RouterExplorer","level":"info","message":"Mapped {/sa/blogs/:id, PUT} route","timestamp":"2023-11-14T12:41:12.340Z"}
{"context":"RouterExplorer","level":"info","message":"Mapped {/sa/blogs/:id, DELETE} route","timestamp":"2023-11-14T12:41:12.340Z"}
{"context":"RouterExplorer","level":"info","message":"Mapped {/sa/blogs/:id/posts, GET} route","timestamp":"2023-11-14T12:41:12.340Z"}
{"context":"RouterExplorer","level":"info","message":"Mapped {/sa/blogs/:id/posts, POST} route","timestamp":"2023-11-14T12:41:12.341Z"}
{"context":"RouterExplorer","level":"info","message":"Mapped {/sa/blogs/:blogId/posts/:postId, PUT} route","timestamp":"2023-11-14T12:41:12.341Z"}
{"context":"RouterExplorer","level":"info","message":"Mapped {/sa/blogs/:blogId/posts/:postId, DELETE} route","timestamp":"2023-11-14T12:41:12.341Z"}
{"context":"RoutesResolver","level":"info","message":"PostsController {/posts}:","timestamp":"2023-11-14T12:41:12.341Z"}
{"context":"RouterExplorer","level":"info","message":"Mapped {/posts, GET} route","timestamp":"2023-11-14T12:41:12.341Z"}
{"context":"RouterExplorer","level":"info","message":"Mapped {/posts/:id, GET} route","timestamp":"2023-11-14T12:41:12.342Z"}
{"context":"RouterExplorer","level":"info","message":"Mapped {/posts, POST} route","timestamp":"2023-11-14T12:41:12.342Z"}
{"context":"RouterExplorer","level":"info","message":"Mapped {/posts/:id, PUT} route","timestamp":"2023-11-14T12:41:12.342Z"}
{"context":"RouterExplorer","level":"info","message":"Mapped {/posts/:id, DELETE} route","timestamp":"2023-11-14T12:41:12.342Z"}
{"context":"RouterExplorer","level":"info","message":"Mapped {/posts/:id/comments, GET} route","timestamp":"2023-11-14T12:41:12.343Z"}
{"context":"RouterExplorer","level":"info","message":"Mapped {/posts/:id/comments, POST} route","timestamp":"2023-11-14T12:41:12.343Z"}
{"context":"RouterExplorer","level":"info","message":"Mapped {/posts/:id/like-status, PUT} route","timestamp":"2023-11-14T12:41:12.343Z"}
{"context":"RoutesResolver","level":"info","message":"CommentsController {/comments}:","timestamp":"2023-11-14T12:41:12.343Z"}
{"context":"RouterExplorer","level":"info","message":"Mapped {/comments/:id, GET} route","timestamp":"2023-11-14T12:41:12.344Z"}
{"context":"RouterExplorer","level":"info","message":"Mapped {/comments/:id, PUT} route","timestamp":"2023-11-14T12:41:12.344Z"}
{"context":"RouterExplorer","level":"info","message":"Mapped {/comments/:id/like-status, PUT} route","timestamp":"2023-11-14T12:41:12.345Z"}
{"context":"RouterExplorer","level":"info","message":"Mapped {/comments/:id, DELETE} route","timestamp":"2023-11-14T12:41:12.345Z"}
{"context":"RoutesResolver","level":"info","message":"UsersAdminController {/sa}:","timestamp":"2023-11-14T12:41:12.345Z"}
{"context":"RouterExplorer","level":"info","message":"Mapped {/sa/users, GET} route","timestamp":"2023-11-14T12:41:12.347Z"}
{"context":"RouterExplorer","level":"info","message":"Mapped {/sa/users, POST} route","timestamp":"2023-11-14T12:41:12.347Z"}
{"context":"RouterExplorer","level":"info","message":"Mapped {/sa/users/:id, DELETE} route","timestamp":"2023-11-14T12:41:12.348Z"}
{"context":"RoutesResolver","level":"info","message":"AuthController {/auth}:","timestamp":"2023-11-14T12:41:12.348Z"}
{"context":"RouterExplorer","level":"info","message":"Mapped {/auth/login, POST} route","timestamp":"2023-11-14T12:41:12.348Z"}
{"context":"RouterExplorer","level":"info","message":"Mapped {/auth/logout, POST} route","timestamp":"2023-11-14T12:41:12.349Z"}
{"context":"RouterExplorer","level":"info","message":"Mapped {/auth/refresh-token, POST} route","timestamp":"2023-11-14T12:41:12.349Z"}
{"context":"RouterExplorer","level":"info","message":"Mapped {/auth/me, GET} route","timestamp":"2023-11-14T12:41:12.349Z"}
{"context":"RouterExplorer","level":"info","message":"Mapped {/auth/registration, POST} route","timestamp":"2023-11-14T12:41:12.350Z"}
{"context":"RouterExplorer","level":"info","message":"Mapped {/auth/registration-confirmation, POST} route","timestamp":"2023-11-14T12:41:12.350Z"}
{"context":"RouterExplorer","level":"info","message":"Mapped {/auth/registration-email-resending, POST} route","timestamp":"2023-11-14T12:41:12.350Z"}
{"context":"RouterExplorer","level":"info","message":"Mapped {/auth/password-recovery, POST} route","timestamp":"2023-11-14T12:41:12.351Z"}
{"context":"RouterExplorer","level":"info","message":"Mapped {/auth/new-password, POST} route","timestamp":"2023-11-14T12:41:12.351Z"}
{"context":"RoutesResolver","level":"info","message":"AuthSecurityController {/security/devices}:","timestamp":"2023-11-14T12:41:12.351Z"}
{"context":"RouterExplorer","level":"info","message":"Mapped {/security/devices, GET} route","timestamp":"2023-11-14T12:41:12.352Z"}
{"context":"RouterExplorer","level":"info","message":"Mapped {/security/devices, DELETE} route","timestamp":"2023-11-14T12:41:12.352Z"}
{"context":"RouterExplorer","level":"info","message":"Mapped {/security/devices/:id, DELETE} route","timestamp":"2023-11-14T12:41:12.352Z"}
{"context":"RoutesResolver","level":"info","message":"TestsController {/testing}:","timestamp":"2023-11-14T12:41:12.353Z"}
{"context":"RouterExplorer","level":"info","message":"Mapped {/testing/all-data, DELETE} route","timestamp":"2023-11-14T12:41:12.353Z"}
{"context":"RoutesResolver","level":"info","message":"LogsController {/logs}:","timestamp":"2023-11-14T12:41:12.353Z"}
{"context":"RouterExplorer","level":"info","message":"Mapped {/logs, GET} route","timestamp":"2023-11-14T12:41:12.354Z"}
{"context":"NestApplication","level":"info","message":"Nest application successfully started","timestamp":"2023-11-14T12:41:12.358Z"}
{"context":"NestFactory","level":"info","message":"Starting Nest application...","timestamp":"2023-11-14T12:41:20.789Z"}
{"context":"InstanceLoader","level":"info","message":"MongooseModule dependencies initialized","timestamp":"2023-11-14T12:41:20.822Z"}
{"context":"InstanceLoader","level":"info","message":"TypeOrmModule dependencies initialized","timestamp":"2023-11-14T12:41:20.823Z"}
{"context":"InstanceLoader","level":"info","message":"LogsModule dependencies initialized","timestamp":"2023-11-14T12:41:20.823Z"}
{"context":"InstanceLoader","level":"info","message":"ConfigHostModule dependencies initialized","timestamp":"2023-11-14T12:41:20.824Z"}
{"context":"InstanceLoader","level":"info","message":"SharedModule dependencies initialized","timestamp":"2023-11-14T12:41:20.824Z"}
{"context":"InstanceLoader","level":"info","message":"AppModule dependencies initialized","timestamp":"2023-11-14T12:41:20.824Z"}
{"context":"InstanceLoader","level":"info","message":"ConfigModule dependencies initialized","timestamp":"2023-11-14T12:41:20.825Z"}
{"context":"InstanceLoader","level":"info","message":"ConfigModule dependencies initialized","timestamp":"2023-11-14T12:41:20.825Z"}
{"context":"InstanceLoader","level":"info","message":"CqrsModule dependencies initialized","timestamp":"2023-11-14T12:41:20.826Z"}
{"context":"InstanceLoader","level":"info","message":"TypeOrmCoreModule dependencies initialized","timestamp":"2023-11-14T12:41:21.132Z"}
{"context":"InstanceLoader","level":"info","message":"TestsModule dependencies initialized","timestamp":"2023-11-14T12:41:21.137Z"}
{"context":"InstanceLoader","level":"info","message":"BlogsModule dependencies initialized","timestamp":"2023-11-14T12:41:21.141Z"}
{"context":"InstanceLoader","level":"info","message":"CommentsModule dependencies initialized","timestamp":"2023-11-14T12:41:21.141Z"}
{"context":"InstanceLoader","level":"info","message":"PostsModule dependencies initialized","timestamp":"2023-11-14T12:41:21.141Z"}
{"context":"InstanceLoader","level":"info","message":"UsersModule dependencies initialized","timestamp":"2023-11-14T12:41:21.141Z"}
{"context":"InstanceLoader","level":"info","message":"AuthModule dependencies initialized","timestamp":"2023-11-14T12:41:21.142Z"}
{"level":"info","message":"DB connected","timestamp":"2023-11-14T12:41:21.452Z"}
{"context":"InstanceLoader","level":"info","message":"MongooseCoreModule dependencies initialized","timestamp":"2023-11-14T12:41:21.452Z"}
{"context":"InstanceLoader","level":"info","message":"MongooseModule dependencies initialized","timestamp":"2023-11-14T12:41:21.459Z"}
{"context":"InstanceLoader","level":"info","message":"MongooseModule dependencies initialized","timestamp":"2023-11-14T12:41:21.460Z"}
{"context":"InstanceLoader","level":"info","message":"MongooseModule dependencies initialized","timestamp":"2023-11-14T12:41:21.460Z"}
{"context":"InstanceLoader","level":"info","message":"MongooseModule dependencies initialized","timestamp":"2023-11-14T12:41:21.460Z"}
{"context":"InstanceLoader","level":"info","message":"MongooseModule dependencies initialized","timestamp":"2023-11-14T12:41:21.460Z"}
{"context":"InstanceLoader","level":"info","message":"DbModule dependencies initialized","timestamp":"2023-11-14T12:41:21.460Z"}
{"context":"RoutesResolver","level":"info","message":"AppController {/}:","timestamp":"2023-11-14T12:41:21.471Z"}
{"context":"RouterExplorer","level":"info","message":"Mapped {/, GET} route","timestamp":"2023-11-14T12:41:21.472Z"}
{"context":"RoutesResolver","level":"info","message":"BlogsController {/blogs}:","timestamp":"2023-11-14T12:41:21.472Z"}
{"context":"RouterExplorer","level":"info","message":"Mapped {/blogs, GET} route","timestamp":"2023-11-14T12:41:21.472Z"}
{"context":"RouterExplorer","level":"info","message":"Mapped {/blogs/:id, GET} route","timestamp":"2023-11-14T12:41:21.473Z"}
{"context":"RouterExplorer","level":"info","message":"Mapped {/blogs/:id/posts, GET} route","timestamp":"2023-11-14T12:41:21.473Z"}
{"context":"RoutesResolver","level":"info","message":"BlogsAdminController {/sa/blogs}:","timestamp":"2023-11-14T12:41:21.473Z"}
{"context":"RouterExplorer","level":"info","message":"Mapped {/sa/blogs, GET} route","timestamp":"2023-11-14T12:41:21.473Z"}
{"context":"RouterExplorer","level":"info","message":"Mapped {/sa/blogs, POST} route","timestamp":"2023-11-14T12:41:21.474Z"}
{"context":"RouterExplorer","level":"info","message":"Mapped {/sa/blogs/:id, PUT} route","timestamp":"2023-11-14T12:41:21.474Z"}
{"context":"RouterExplorer","level":"info","message":"Mapped {/sa/blogs/:id, DELETE} route","timestamp":"2023-11-14T12:41:21.474Z"}
{"context":"RouterExplorer","level":"info","message":"Mapped {/sa/blogs/:id/posts, GET} route","timestamp":"2023-11-14T12:41:21.474Z"}
{"context":"RouterExplorer","level":"info","message":"Mapped {/sa/blogs/:id/posts, POST} route","timestamp":"2023-11-14T12:41:21.474Z"}
{"context":"RouterExplorer","level":"info","message":"Mapped {/sa/blogs/:blogId/posts/:postId, PUT} route","timestamp":"2023-11-14T12:41:21.475Z"}
{"context":"RouterExplorer","level":"info","message":"Mapped {/sa/blogs/:blogId/posts/:postId, DELETE} route","timestamp":"2023-11-14T12:41:21.475Z"}
{"context":"RoutesResolver","level":"info","message":"PostsController {/posts}:","timestamp":"2023-11-14T12:41:21.475Z"}
{"context":"RouterExplorer","level":"info","message":"Mapped {/posts, GET} route","timestamp":"2023-11-14T12:41:21.475Z"}
{"context":"RouterExplorer","level":"info","message":"Mapped {/posts/:id, GET} route","timestamp":"2023-11-14T12:41:21.476Z"}
{"context":"RouterExplorer","level":"info","message":"Mapped {/posts, POST} route","timestamp":"2023-11-14T12:41:21.476Z"}
{"context":"RouterExplorer","level":"info","message":"Mapped {/posts/:id, PUT} route","timestamp":"2023-11-14T12:41:21.476Z"}
{"context":"RouterExplorer","level":"info","message":"Mapped {/posts/:id, DELETE} route","timestamp":"2023-11-14T12:41:21.476Z"}
{"context":"RouterExplorer","level":"info","message":"Mapped {/posts/:id/comments, GET} route","timestamp":"2023-11-14T12:41:21.476Z"}
{"context":"RouterExplorer","level":"info","message":"Mapped {/posts/:id/comments, POST} route","timestamp":"2023-11-14T12:41:21.477Z"}
{"context":"RouterExplorer","level":"info","message":"Mapped {/posts/:id/like-status, PUT} route","timestamp":"2023-11-14T12:41:21.477Z"}
{"context":"RoutesResolver","level":"info","message":"CommentsController {/comments}:","timestamp":"2023-11-14T12:41:21.477Z"}
{"context":"RouterExplorer","level":"info","message":"Mapped {/comments/:id, GET} route","timestamp":"2023-11-14T12:41:21.477Z"}
{"context":"RouterExplorer","level":"info","message":"Mapped {/comments/:id, PUT} route","timestamp":"2023-11-14T12:41:21.478Z"}
{"context":"RouterExplorer","level":"info","message":"Mapped {/comments/:id/like-status, PUT} route","timestamp":"2023-11-14T12:41:21.478Z"}
{"context":"RouterExplorer","level":"info","message":"Mapped {/comments/:id, DELETE} route","timestamp":"2023-11-14T12:41:21.478Z"}
{"context":"RoutesResolver","level":"info","message":"UsersAdminController {/sa}:","timestamp":"2023-11-14T12:41:21.478Z"}
{"context":"RouterExplorer","level":"info","message":"Mapped {/sa/users, GET} route","timestamp":"2023-11-14T12:41:21.478Z"}
{"context":"RouterExplorer","level":"info","message":"Mapped {/sa/users, POST} route","timestamp":"2023-11-14T12:41:21.479Z"}
{"context":"RouterExplorer","level":"info","message":"Mapped {/sa/users/:id, DELETE} route","timestamp":"2023-11-14T12:41:21.479Z"}
{"context":"RoutesResolver","level":"info","message":"AuthController {/auth}:","timestamp":"2023-11-14T12:41:21.479Z"}
{"context":"RouterExplorer","level":"info","message":"Mapped {/auth/login, POST} route","timestamp":"2023-11-14T12:41:21.479Z"}
{"context":"RouterExplorer","level":"info","message":"Mapped {/auth/logout, POST} route","timestamp":"2023-11-14T12:41:21.480Z"}
{"context":"RouterExplorer","level":"info","message":"Mapped {/auth/refresh-token, POST} route","timestamp":"2023-11-14T12:41:21.480Z"}
{"context":"RouterExplorer","level":"info","message":"Mapped {/auth/me, GET} route","timestamp":"2023-11-14T12:41:21.480Z"}
{"context":"RouterExplorer","level":"info","message":"Mapped {/auth/registration, POST} route","timestamp":"2023-11-14T12:41:21.480Z"}
{"context":"RouterExplorer","level":"info","message":"Mapped {/auth/registration-confirmation, POST} route","timestamp":"2023-11-14T12:41:21.480Z"}
{"context":"RouterExplorer","level":"info","message":"Mapped {/auth/registration-email-resending, POST} route","timestamp":"2023-11-14T12:41:21.481Z"}
{"context":"RouterExplorer","level":"info","message":"Mapped {/auth/password-recovery, POST} route","timestamp":"2023-11-14T12:41:21.481Z"}
{"context":"RouterExplorer","level":"info","message":"Mapped {/auth/new-password, POST} route","timestamp":"2023-11-14T12:41:21.481Z"}
{"context":"RoutesResolver","level":"info","message":"AuthSecurityController {/security/devices}:","timestamp":"2023-11-14T12:41:21.481Z"}
{"context":"RouterExplorer","level":"info","message":"Mapped {/security/devices, GET} route","timestamp":"2023-11-14T12:41:21.481Z"}
{"context":"RouterExplorer","level":"info","message":"Mapped {/security/devices, DELETE} route","timestamp":"2023-11-14T12:41:21.482Z"}
{"context":"RouterExplorer","level":"info","message":"Mapped {/security/devices/:id, DELETE} route","timestamp":"2023-11-14T12:41:21.482Z"}
{"context":"RoutesResolver","level":"info","message":"TestsController {/testing}:","timestamp":"2023-11-14T12:41:21.482Z"}
{"context":"RouterExplorer","level":"info","message":"Mapped {/testing/all-data, DELETE} route","timestamp":"2023-11-14T12:41:21.483Z"}
{"context":"RoutesResolver","level":"info","message":"LogsController {/logs}:","timestamp":"2023-11-14T12:41:21.483Z"}
{"context":"RouterExplorer","level":"info","message":"Mapped {/logs, GET} route","timestamp":"2023-11-14T12:41:21.483Z"}
{"context":"NestApplication","level":"info","message":"Nest application successfully started","timestamp":"2023-11-14T12:41:21.487Z"}
{"context":"NestFactory","level":"info","message":"Starting Nest application...","timestamp":"2023-11-14T12:41:53.618Z"}
{"context":"InstanceLoader","level":"info","message":"MongooseModule dependencies initialized","timestamp":"2023-11-14T12:41:53.651Z"}
{"context":"InstanceLoader","level":"info","message":"TypeOrmModule dependencies initialized","timestamp":"2023-11-14T12:41:53.651Z"}
{"context":"InstanceLoader","level":"info","message":"LogsModule dependencies initialized","timestamp":"2023-11-14T12:41:53.652Z"}
{"context":"InstanceLoader","level":"info","message":"ConfigHostModule dependencies initialized","timestamp":"2023-11-14T12:41:53.652Z"}
{"context":"InstanceLoader","level":"info","message":"SharedModule dependencies initialized","timestamp":"2023-11-14T12:41:53.652Z"}
{"context":"InstanceLoader","level":"info","message":"AppModule dependencies initialized","timestamp":"2023-11-14T12:41:53.653Z"}
{"context":"InstanceLoader","level":"info","message":"ConfigModule dependencies initialized","timestamp":"2023-11-14T12:41:53.653Z"}
{"context":"InstanceLoader","level":"info","message":"ConfigModule dependencies initialized","timestamp":"2023-11-14T12:41:53.654Z"}
{"context":"InstanceLoader","level":"info","message":"CqrsModule dependencies initialized","timestamp":"2023-11-14T12:41:53.654Z"}
{"context":"InstanceLoader","level":"info","message":"TypeOrmCoreModule dependencies initialized","timestamp":"2023-11-14T12:41:54.374Z"}
{"context":"InstanceLoader","level":"info","message":"TestsModule dependencies initialized","timestamp":"2023-11-14T12:41:54.380Z"}
{"context":"InstanceLoader","level":"info","message":"BlogsModule dependencies initialized","timestamp":"2023-11-14T12:41:54.384Z"}
{"context":"InstanceLoader","level":"info","message":"CommentsModule dependencies initialized","timestamp":"2023-11-14T12:41:54.384Z"}
{"context":"InstanceLoader","level":"info","message":"PostsModule dependencies initialized","timestamp":"2023-11-14T12:41:54.384Z"}
{"context":"InstanceLoader","level":"info","message":"UsersModule dependencies initialized","timestamp":"2023-11-14T12:41:54.385Z"}
{"context":"InstanceLoader","level":"info","message":"AuthModule dependencies initialized","timestamp":"2023-11-14T12:41:54.385Z"}
{"level":"info","message":"DB connected","timestamp":"2023-11-14T12:41:54.617Z"}
{"context":"InstanceLoader","level":"info","message":"MongooseCoreModule dependencies initialized","timestamp":"2023-11-14T12:41:54.618Z"}
{"context":"InstanceLoader","level":"info","message":"MongooseModule dependencies initialized","timestamp":"2023-11-14T12:41:54.630Z"}
{"context":"InstanceLoader","level":"info","message":"MongooseModule dependencies initialized","timestamp":"2023-11-14T12:41:54.631Z"}
{"context":"InstanceLoader","level":"info","message":"MongooseModule dependencies initialized","timestamp":"2023-11-14T12:41:54.631Z"}
{"context":"InstanceLoader","level":"info","message":"MongooseModule dependencies initialized","timestamp":"2023-11-14T12:41:54.631Z"}
{"context":"InstanceLoader","level":"info","message":"MongooseModule dependencies initialized","timestamp":"2023-11-14T12:41:54.631Z"}
{"context":"InstanceLoader","level":"info","message":"DbModule dependencies initialized","timestamp":"2023-11-14T12:41:54.631Z"}
{"context":"RoutesResolver","level":"info","message":"AppController {/}:","timestamp":"2023-11-14T12:41:54.642Z"}
{"context":"RouterExplorer","level":"info","message":"Mapped {/, GET} route","timestamp":"2023-11-14T12:41:54.647Z"}
{"context":"RoutesResolver","level":"info","message":"BlogsController {/blogs}:","timestamp":"2023-11-14T12:41:54.648Z"}
{"context":"RouterExplorer","level":"info","message":"Mapped {/blogs, GET} route","timestamp":"2023-11-14T12:41:54.648Z"}
{"context":"RouterExplorer","level":"info","message":"Mapped {/blogs/:id, GET} route","timestamp":"2023-11-14T12:41:54.648Z"}
{"context":"RouterExplorer","level":"info","message":"Mapped {/blogs/:id/posts, GET} route","timestamp":"2023-11-14T12:41:54.649Z"}
{"context":"RoutesResolver","level":"info","message":"BlogsAdminController {/sa/blogs}:","timestamp":"2023-11-14T12:41:54.649Z"}
{"context":"RouterExplorer","level":"info","message":"Mapped {/sa/blogs, GET} route","timestamp":"2023-11-14T12:41:54.649Z"}
{"context":"RouterExplorer","level":"info","message":"Mapped {/sa/blogs, POST} route","timestamp":"2023-11-14T12:41:54.649Z"}
{"context":"RouterExplorer","level":"info","message":"Mapped {/sa/blogs/:id, PUT} route","timestamp":"2023-11-14T12:41:54.650Z"}
{"context":"RouterExplorer","level":"info","message":"Mapped {/sa/blogs/:id, DELETE} route","timestamp":"2023-11-14T12:41:54.650Z"}
{"context":"RouterExplorer","level":"info","message":"Mapped {/sa/blogs/:id/posts, GET} route","timestamp":"2023-11-14T12:41:54.650Z"}
{"context":"RouterExplorer","level":"info","message":"Mapped {/sa/blogs/:id/posts, POST} route","timestamp":"2023-11-14T12:41:54.650Z"}
{"context":"RouterExplorer","level":"info","message":"Mapped {/sa/blogs/:blogId/posts/:postId, PUT} route","timestamp":"2023-11-14T12:41:54.651Z"}
{"context":"RouterExplorer","level":"info","message":"Mapped {/sa/blogs/:blogId/posts/:postId, DELETE} route","timestamp":"2023-11-14T12:41:54.651Z"}
{"context":"RoutesResolver","level":"info","message":"PostsController {/posts}:","timestamp":"2023-11-14T12:41:54.651Z"}
{"context":"RouterExplorer","level":"info","message":"Mapped {/posts, GET} route","timestamp":"2023-11-14T12:41:54.651Z"}
{"context":"RouterExplorer","level":"info","message":"Mapped {/posts/:id, GET} route","timestamp":"2023-11-14T12:41:54.652Z"}
{"context":"RouterExplorer","level":"info","message":"Mapped {/posts, POST} route","timestamp":"2023-11-14T12:41:54.652Z"}
{"context":"RouterExplorer","level":"info","message":"Mapped {/posts/:id, PUT} route","timestamp":"2023-11-14T12:41:54.652Z"}
{"context":"RouterExplorer","level":"info","message":"Mapped {/posts/:id, DELETE} route","timestamp":"2023-11-14T12:41:54.652Z"}
{"context":"RouterExplorer","level":"info","message":"Mapped {/posts/:id/comments, GET} route","timestamp":"2023-11-14T12:41:54.652Z"}
{"context":"RouterExplorer","level":"info","message":"Mapped {/posts/:id/comments, POST} route","timestamp":"2023-11-14T12:41:54.652Z"}
{"context":"RouterExplorer","level":"info","message":"Mapped {/posts/:id/like-status, PUT} route","timestamp":"2023-11-14T12:41:54.653Z"}
{"context":"RoutesResolver","level":"info","message":"CommentsController {/comments}:","timestamp":"2023-11-14T12:41:54.653Z"}
{"context":"RouterExplorer","level":"info","message":"Mapped {/comments/:id, GET} route","timestamp":"2023-11-14T12:41:54.653Z"}
{"context":"RouterExplorer","level":"info","message":"Mapped {/comments/:id, PUT} route","timestamp":"2023-11-14T12:41:54.653Z"}
{"context":"RouterExplorer","level":"info","message":"Mapped {/comments/:id/like-status, PUT} route","timestamp":"2023-11-14T12:41:54.653Z"}
{"context":"RouterExplorer","level":"info","message":"Mapped {/comments/:id, DELETE} route","timestamp":"2023-11-14T12:41:54.654Z"}
{"context":"RoutesResolver","level":"info","message":"UsersAdminController {/sa}:","timestamp":"2023-11-14T12:41:54.654Z"}
{"context":"RouterExplorer","level":"info","message":"Mapped {/sa/users, GET} route","timestamp":"2023-11-14T12:41:54.654Z"}
{"context":"RouterExplorer","level":"info","message":"Mapped {/sa/users, POST} route","timestamp":"2023-11-14T12:41:54.655Z"}
{"context":"RouterExplorer","level":"info","message":"Mapped {/sa/users/:id, DELETE} route","timestamp":"2023-11-14T12:41:54.655Z"}
{"context":"RoutesResolver","level":"info","message":"AuthController {/auth}:","timestamp":"2023-11-14T12:41:54.655Z"}
{"context":"RouterExplorer","level":"info","message":"Mapped {/auth/login, POST} route","timestamp":"2023-11-14T12:41:54.656Z"}
{"context":"RouterExplorer","level":"info","message":"Mapped {/auth/logout, POST} route","timestamp":"2023-11-14T12:41:54.656Z"}
{"context":"RouterExplorer","level":"info","message":"Mapped {/auth/refresh-token, POST} route","timestamp":"2023-11-14T12:41:54.656Z"}
{"context":"RouterExplorer","level":"info","message":"Mapped {/auth/me, GET} route","timestamp":"2023-11-14T12:41:54.656Z"}
{"context":"RouterExplorer","level":"info","message":"Mapped {/auth/registration, POST} route","timestamp":"2023-11-14T12:41:54.656Z"}
{"context":"RouterExplorer","level":"info","message":"Mapped {/auth/registration-confirmation, POST} route","timestamp":"2023-11-14T12:41:54.656Z"}
{"context":"RouterExplorer","level":"info","message":"Mapped {/auth/registration-email-resending, POST} route","timestamp":"2023-11-14T12:41:54.657Z"}
{"context":"RouterExplorer","level":"info","message":"Mapped {/auth/password-recovery, POST} route","timestamp":"2023-11-14T12:41:54.657Z"}
{"context":"RouterExplorer","level":"info","message":"Mapped {/auth/new-password, POST} route","timestamp":"2023-11-14T12:41:54.657Z"}
{"context":"RoutesResolver","level":"info","message":"AuthSecurityController {/security/devices}:","timestamp":"2023-11-14T12:41:54.657Z"}
{"context":"RouterExplorer","level":"info","message":"Mapped {/security/devices, GET} route","timestamp":"2023-11-14T12:41:54.657Z"}
{"context":"RouterExplorer","level":"info","message":"Mapped {/security/devices, DELETE} route","timestamp":"2023-11-14T12:41:54.658Z"}
{"context":"RouterExplorer","level":"info","message":"Mapped {/security/devices/:id, DELETE} route","timestamp":"2023-11-14T12:41:54.658Z"}
{"context":"RoutesResolver","level":"info","message":"TestsController {/testing}:","timestamp":"2023-11-14T12:41:54.658Z"}
{"context":"RouterExplorer","level":"info","message":"Mapped {/testing/all-data, DELETE} route","timestamp":"2023-11-14T12:41:54.658Z"}
{"context":"RoutesResolver","level":"info","message":"LogsController {/logs}:","timestamp":"2023-11-14T12:41:54.659Z"}
{"context":"RouterExplorer","level":"info","message":"Mapped {/logs, GET} route","timestamp":"2023-11-14T12:41:54.659Z"}
{"context":"NestApplication","level":"info","message":"Nest application successfully started","timestamp":"2023-11-14T12:41:54.662Z"}
